<?xml version="1.0" encoding="UTF-8"?>
<testng-results ignored="1" total="2" passed="1" failed="0" skipped="0">
  <reporter-output>
  </reporter-output>
  <suite started-at="2020-04-24T11:36:21 EDT" name="Default suite" finished-at="2020-04-24T11:36:21 EDT" duration-ms="33">
    <groups>
    </groups>
    <test started-at="2020-04-24T11:36:21 EDT" name="Default test" finished-at="2020-04-24T11:36:21 EDT" duration-ms="33">
      <class name="TestCase">
        <test-method signature="register()[pri:1, instance:TestCase@71c8becc]" started-at="2020-04-24T11:36:21 EDT" name="register" finished-at="2020-04-24T11:36:21 EDT" duration-ms="7" status="PASS">
          <reporter-output>
          </reporter-output>
        </test-method> <!-- register -->
      </class> <!-- TestCase -->
    </test> <!-- Default test -->
  </suite> <!-- Default suite -->
</testng-results>
